2023-12-01 00:07:12,262 [INFO] MainUpdater:2868 - connection check result : 10
2023-12-01 00:07:12,273 [INFO] MainUpdater:2868 - connection check result : 10
2023-12-01 00:07:12,294 [INFO] MicroXplorer:468 - Change Database Path : 
2023-12-01 00:07:12,294 [INFO] MicroXplorer:498 - Change Database Version : DB.6.0.92
2023-12-01 00:07:12,305 [WARN] ThirdParty:871 - waiting for thirdparty lock release [close project]
2023-12-01 00:07:12,306 [INFO] ThirdParty:873 - entering critical section [close project]
2023-12-01 00:07:12,306 [INFO] ThirdParty:883 - exiting critical section [close project]
2023-12-01 00:07:12,307 [INFO] PinOutPanel:1499 - setPackage(No Configuration,No Configuration)
2023-12-01 00:07:12,309 [INFO] UtilMem:75 - Begin LoadConfig() Used Memory: 440674024 Bytes (891289600)
2023-12-01 00:07:12,309 [INFO] MicroXplorer:468 - Change Database Path : 
2023-12-01 00:07:12,309 [INFO] MicroXplorer:498 - Change Database Version : DB.6.0.92
2023-12-01 00:07:12,309 [INFO] OpenFileManager:308 - Change cursor
2023-12-01 00:07:12,327 [INFO] RulesReader:64 - Compatibility file has been processed (293 Rules)
2023-12-01 00:07:12,329 [INFO] Mcu:1946 - Initializing MCU STM32F103C(8-B)Tx STM32F103C8Tx STM32F103C8T6
2023-12-01 00:07:12,802 [INFO] Context:659 - Trying to add GPIOservice into a context  which must be forbidden
2023-12-01 00:07:12,925 [INFO] RtosManager:555 - Registered RTOS mode: class=CMSIS, group=RTOS, mode=CMSIS_V1, owner=FREERTOS
2023-12-01 00:07:12,925 [INFO] RtosManager:555 - Registered RTOS mode: class=CMSIS, group=RTOS2, mode=CMSIS_V2, owner=FREERTOS
2023-12-01 00:07:12,925 [INFO] RtosManager:555 - Registered RTOS mode: class=RTOS, group=Core, mode=CMSIS_V1, owner=FREERTOS
2023-12-01 00:07:12,925 [INFO] RtosManager:555 - Registered RTOS mode: class=RTOS, group=Core, mode=CMSIS_V2, owner=FREERTOS
2023-12-01 00:07:12,925 [WARN] ModelIntegratedComponent:184 - Missing modes for component STMicroelectronics:FreeRTOS:0.0.1:STMicroelectronics:RTOS:FreeRTOS:Core:::10.2.0:
2023-12-01 00:07:12,936 [WARN] ModelIntegratedComponent:63 - No mode defined for component null
2023-12-01 00:07:12,936 [WARN] ModelIntegratedComponent:63 - No mode defined for component null
2023-12-01 00:07:12,936 [WARN] ModelIntegratedComponent:63 - No mode defined for component null
2023-12-01 00:07:12,936 [WARN] ModelIntegratedComponent:63 - No mode defined for component null
2023-12-01 00:07:12,937 [WARN] ModelIntegratedComponent:63 - No mode defined for component null
2023-12-01 00:07:12,937 [WARN] ModelIntegratedComponent:63 - No mode defined for component null
2023-12-01 00:07:12,937 [WARN] ModelIntegratedComponent:63 - No mode defined for component null
2023-12-01 00:07:12,937 [WARN] ModelIntegratedComponent:63 - No mode defined for component null
2023-12-01 00:07:12,937 [WARN] ModelIntegratedComponent:63 - No mode defined for component null
2023-12-01 00:07:12,937 [WARN] ModelIntegratedComponent:63 - No mode defined for component null
2023-12-01 00:07:12,937 [WARN] ModelIntegratedComponent:63 - No mode defined for component null
2023-12-01 00:07:12,937 [WARN] ModelIntegratedComponent:63 - No mode defined for component null
2023-12-01 00:07:12,937 [WARN] ModelIntegratedComponent:63 - No mode defined for component null
2023-12-01 00:07:12,937 [WARN] ModelIntegratedComponent:63 - No mode defined for component null
2023-12-01 00:07:12,937 [WARN] ModelIntegratedComponent:63 - No mode defined for component null
2023-12-01 00:07:12,937 [WARN] ModelIntegratedComponent:63 - No mode defined for component null
2023-12-01 00:07:12,937 [WARN] ModelIntegratedComponent:63 - No mode defined for component null
2023-12-01 00:07:12,937 [WARN] ModelIntegratedComponent:63 - No mode defined for component null
2023-12-01 00:07:12,937 [WARN] ModelIntegratedComponent:63 - No mode defined for component null
2023-12-01 00:07:12,937 [WARN] ModelIntegratedComponent:63 - No mode defined for component null
2023-12-01 00:07:12,937 [WARN] ModelIntegratedComponent:63 - No mode defined for component null
2023-12-01 00:07:12,937 [WARN] ModelIntegratedComponent:63 - No mode defined for component null
2023-12-01 00:07:12,937 [WARN] ModelIntegratedComponent:63 - No mode defined for component null
2023-12-01 00:07:12,937 [WARN] ModelIntegratedComponent:63 - No mode defined for component null
2023-12-01 00:07:12,937 [WARN] ModelIntegratedComponent:63 - No mode defined for component null
2023-12-01 00:07:12,937 [WARN] ModelIntegratedComponent:63 - No mode defined for component null
2023-12-01 00:07:12,937 [WARN] ModelIntegratedComponent:63 - No mode defined for component null
2023-12-01 00:07:12,937 [WARN] ModelIntegratedComponent:63 - No mode defined for component null
2023-12-01 00:07:12,937 [WARN] ModelIntegratedComponent:63 - No mode defined for component null
2023-12-01 00:07:12,937 [WARN] ModelIntegratedComponent:63 - No mode defined for component null
2023-12-01 00:07:12,937 [WARN] ModelIntegratedComponent:63 - No mode defined for component null
2023-12-01 00:07:12,937 [WARN] ModelIntegratedComponent:63 - No mode defined for component null
2023-12-01 00:07:12,937 [WARN] ModelIntegratedComponent:63 - No mode defined for component null
2023-12-01 00:07:13,014 [INFO] ThirdPartyModel:298 - Start build external matchings
2023-12-01 00:07:13,425 [INFO] ThirdPartyModel:316 - End build external matchings
2023-12-01 00:07:13,527 [INFO] UtilMem:75 - End LoadConfig() Used Memory: 567047656 Bytes (891289600)
2023-12-01 00:07:13,532 [WARN] ThirdParty:833 - waiting for thirdparty lock release [change project]
2023-12-01 00:07:13,532 [INFO] ThirdParty:835 - entering critical section [change project]
2023-12-01 00:07:13,532 [INFO] ThirdParty:1030 - CMSIS Pack Vendor :STMicroelectronics X-CUBE-ISPU 1.1.0
2023-12-01 00:07:13,532 [INFO] ThirdParty:1030 - CMSIS Pack Vendor :STMicroelectronics USBPD 4.1
2023-12-01 00:07:13,533 [INFO] ThirdParty:1030 - CMSIS Pack Vendor :STMicroelectronics X-CUBE-GNSS1 6.0.0
2023-12-01 00:07:13,533 [INFO] ThirdParty:1030 - CMSIS Pack Vendor :STMicroelectronics USB_HOST 2.0.0
2023-12-01 00:07:13,533 [INFO] ThirdParty:1030 - CMSIS Pack Vendor :STMicroelectronics X-CUBE-AZRTOS-F4 1.1.0
2023-12-01 00:07:13,533 [INFO] ThirdParty:1030 - CMSIS Pack Vendor :STMicroelectronics LIBJPEG 8.0.0
2023-12-01 00:07:13,533 [INFO] ThirdParty:1030 - CMSIS Pack Vendor :wolfSSL I-CUBE-wolfSSL 5.6.3
2023-12-01 00:07:13,533 [INFO] ThirdParty:1030 - CMSIS Pack Vendor :STMicroelectronics X-CUBE-SMBUS 2.1.0
2023-12-01 00:07:13,533 [INFO] ThirdParty:1030 - CMSIS Pack Vendor :STMicroelectronics USB_DEVICE 3.0.0
2023-12-01 00:07:13,533 [INFO] ThirdParty:1030 - CMSIS Pack Vendor :STMicroelectronics X-CUBE-AZRTOS-WB 2.0.0
2023-12-01 00:07:13,533 [INFO] ThirdParty:1030 - CMSIS Pack Vendor :STMicroelectronics X-CUBE-AZRTOS-F7 1.1.0
2023-12-01 00:07:13,533 [INFO] ThirdParty:1030 - CMSIS Pack Vendor :STMicroelectronics X-CUBE-AZRTOS-L5 2.0.0
2023-12-01 00:07:13,533 [INFO] ThirdParty:1030 - CMSIS Pack Vendor :STMicroelectronics USB_DEVICE 2.0.0
2023-12-01 00:07:13,533 [INFO] ThirdParty:1030 - CMSIS Pack Vendor :STMicroelectronics X-CUBE-EEPRMA1 4.2.0
2023-12-01 00:07:13,533 [INFO] ThirdParty:1030 - CMSIS Pack Vendor :ITTIA_DB I-CUBE-ITTIADB 8.8.0
2023-12-01 00:07:13,533 [INFO] ThirdParty:1030 - CMSIS Pack Vendor :STMicroelectronics FP-SNS-MOTENV1 4.3.2
2023-12-01 00:07:13,533 [INFO] ThirdParty:1030 - CMSIS Pack Vendor :STMicroelectronics X-CUBE-ALGOBUILD 1.3.0
2023-12-01 00:07:13,533 [INFO] ThirdParty:1030 - CMSIS Pack Vendor :STMicroelectronics FreeRTOS 0.0.1
2023-12-01 00:07:13,533 [INFO] ThirdParty:1030 - CMSIS Pack Vendor :STMicroelectronics X-CUBE-AZRTOS-G0 1.1.0
2023-12-01 00:07:13,533 [INFO] ThirdParty:1030 - CMSIS Pack Vendor :STMicroelectronics X-CUBE-BLEMGR 2.0.0
2023-12-01 00:07:13,533 [INFO] ThirdParty:1030 - CMSIS Pack Vendor :STMicroelectronics X-CUBE-NFC4 3.0.0
2023-12-01 00:07:13,533 [INFO] ThirdParty:1030 - CMSIS Pack Vendor :STMicroelectronics X-CUBE-SUBG2 5.0.0
2023-12-01 00:07:13,533 [INFO] ThirdParty:1030 - CMSIS Pack Vendor :STMicroelectronics STM32_WPAN 1.0.0
2023-12-01 00:07:13,533 [INFO] ThirdParty:1030 - CMSIS Pack Vendor :STMicroelectronics lwIP 2.0.3
2023-12-01 00:07:13,533 [INFO] ThirdParty:1030 - CMSIS Pack Vendor :STMicroelectronics FP-SNS-FLIGHT1 5.0.2
2023-12-01 00:07:13,533 [INFO] ThirdParty:1030 - CMSIS Pack Vendor :STMicroelectronics USB_HOST 1.0.0
2023-12-01 00:07:13,533 [INFO] ThirdParty:1030 - CMSIS Pack Vendor :STMicroelectronics X-CUBE-TOF1 3.3.1
2023-12-01 00:07:13,533 [INFO] ThirdParty:1030 - CMSIS Pack Vendor :STMicroelectronics X-CUBE-AZRTOS-G4 2.0.0
2023-12-01 00:07:13,533 [INFO] ThirdParty:1030 - CMSIS Pack Vendor :STMicroelectronics PDM2PCM 3.1.0
2023-12-01 00:07:13,533 [INFO] ThirdParty:1030 - CMSIS Pack Vendor :STMicroelectronics X-CUBE-AZRTOS-H7 3.1.0
2023-12-01 00:07:13,533 [INFO] ThirdParty:1030 - CMSIS Pack Vendor :Infineon AIROC-Wi-Fi-Bluetooth-STM32 1.5.1
2023-12-01 00:07:13,533 [INFO] ThirdParty:1030 - CMSIS Pack Vendor :STMicroelectronics X-CUBE-BLEMGR 3.0.0
2023-12-01 00:07:13,533 [INFO] ThirdParty:1030 - CMSIS Pack Vendor :STMicroelectronics PDM2PCM 3.3.0
2023-12-01 00:07:13,533 [INFO] ThirdParty:1030 - CMSIS Pack Vendor :STMicroelectronics X-CUBE-DISPLAY 3.0.0
2023-12-01 00:07:13,533 [INFO] ThirdParty:1030 - CMSIS Pack Vendor :STMicroelectronics FP-SNS-MOTENVWB1 1.3.0
2023-12-01 00:07:13,533 [INFO] ThirdParty:1030 - CMSIS Pack Vendor :STMicroelectronics X-CUBE-BLE1 7.0.0
2023-12-01 00:07:13,533 [INFO] ThirdParty:1030 - CMSIS Pack Vendor :STMicroelectronics FP-ATR-SIGFOX1 3.2.0
2023-12-01 00:07:13,533 [INFO] ThirdParty:1030 - CMSIS Pack Vendor :STMicroelectronics HAL Drivers 0.0.0
2023-12-01 00:07:13,533 [INFO] ThirdParty:1030 - CMSIS Pack Vendor :STMicroelectronics MBEDTLS 2.16.2
2023-12-01 00:07:13,533 [INFO] ThirdParty:1030 - CMSIS Pack Vendor :emotas I-CUBE-CANOPEN 1.3.0
2023-12-01 00:07:13,533 [INFO] ThirdParty:1030 - CMSIS Pack Vendor :STMicroelectronics X-CUBE-MEMS1 10.0.0
2023-12-01 00:07:13,533 [INFO] ThirdParty:1030 - CMSIS Pack Vendor :STMicroelectronics X-CUBE-FREERTOS 1.1.0
2023-12-01 00:07:13,533 [INFO] ThirdParty:1030 - CMSIS Pack Vendor :STMicroelectronics X-CUBE-NFC7 1.0.1
2023-12-01 00:07:13,533 [INFO] ThirdParty:1030 - CMSIS Pack Vendor :STMicroelectronics MBEDTLS 2.14.1
2023-12-01 00:07:13,533 [INFO] ThirdParty:1030 - CMSIS Pack Vendor :STMicroelectronics X-CUBE-TOUCHGFX 4.22.1
2023-12-01 00:07:13,533 [INFO] ThirdParty:1030 - CMSIS Pack Vendor :STMicroelectronics X-CUBE-NFC6 3.0.0
2023-12-01 00:07:13,533 [INFO] ThirdParty:1030 - CMSIS Pack Vendor :STMicroelectronics X-CUBE-EEPRMA1 4.1.0
2023-12-01 00:07:13,533 [INFO] ThirdParty:1030 - CMSIS Pack Vendor :portGmbH I-Cube-SoM-uGOAL 1.1.0
2023-12-01 00:07:13,533 [INFO] ThirdParty:1030 - CMSIS Pack Vendor :STMicroelectronics X-CUBE-ALS 1.0.1
2023-12-01 00:07:13,533 [INFO] ThirdParty:1030 - CMSIS Pack Vendor :STMicroelectronics ThreadX 1.0.0
2023-12-01 00:07:13,533 [INFO] ThirdParty:1030 - CMSIS Pack Vendor :STMicroelectronics FP-SNS-SMARTAG2 1.2.0
2023-12-01 00:07:13,533 [INFO] ThirdParty:1030 - CMSIS Pack Vendor :STMicroelectronics X-CUBE-AZRTOS-WL 2.0.0
2023-12-01 00:07:13,533 [INFO] ThirdParty:1030 - CMSIS Pack Vendor :STMicroelectronics USB_DEVICE 1.0.0
2023-12-01 00:07:13,533 [INFO] ThirdParty:1030 - CMSIS Pack Vendor :STMicroelectronics X-CUBE-AI 8.1.0
2023-12-01 00:07:13,533 [INFO] ThirdParty:1030 - CMSIS Pack Vendor :STMicroelectronics X-CUBE-AZRTOS-L4 2.0.0
2023-12-01 00:07:13,533 [INFO] ThirdParty:1030 - CMSIS Pack Vendor :STMicroelectronics ThreadX 0.0.2
2023-12-01 00:07:13,533 [INFO] ThirdParty:1030 - CMSIS Pack Vendor :WES I-CUBE-Cesium 1.3.0
2023-12-01 00:07:13,533 [INFO] ThirdParty:1030 - CMSIS Pack Vendor :STMicroelectronics FP-ATR-ASTRA1 2.0.0
2023-12-01 00:07:13,533 [INFO] ThirdParty:1030 - CMSIS Pack Vendor :STMicroelectronics lwIP 2.1.2
2023-12-01 00:07:13,533 [INFO] ThirdParty:1030 - CMSIS Pack Vendor :STMicroelectronics X-CUBE-SFXS2LP1 4.0.0
2023-12-01 00:07:13,533 [INFO] ThirdParty:1030 - CMSIS Pack Vendor :STMicroelectronics X-CUBE-BLE2 3.3.0
2023-12-01 00:07:13,533 [INFO] ThirdParty:1030 - CMSIS Pack Vendor :STMicroelectronics X-CUBE-TOF1 3.4.0
2023-12-01 00:07:13,533 [INFO] ThirdParty:1030 - CMSIS Pack Vendor :STMicroelectronics PDM2PCM 3.2.0
2023-12-01 00:07:13,533 [INFO] ThirdParty:841 - exiting critical section [change project]
2023-12-01 00:07:13,644 [INFO] PinOutPanel:1499 - setPackage(No Configuration,No Configuration)
2023-12-01 00:07:13,645 [INFO] PinOutPanel:1499 - setPackage(STM32F103C8Tx,LQFP48)
2023-12-01 00:07:13,735 [INFO] UtilMem:75 - Before build in PCC Used Memory: 649663496 Bytes (891289600)
2023-12-01 00:07:13,843 [INFO] UtilMem:75 - After build in PCC Used Memory: 281480112 Bytes (891289600)
2023-12-01 00:07:13,858 [INFO] IPUIPlugin:80 - create IPUIPlugin
2023-12-01 00:07:13,858 [INFO] IPUIPlugin:80 - create IPUIPlugin
2023-12-01 00:07:13,858 [INFO] IPUIPlugin:80 - create IPUIPlugin
2023-12-01 00:07:13,858 [INFO] IPUIPlugin:80 - create IPUIPlugin
2023-12-01 00:07:13,858 [INFO] IPUIPlugin:80 - create IPUIPlugin
2023-12-01 00:07:13,859 [INFO] IPUIPlugin:80 - create IPUIPlugin
2023-12-01 00:07:13,859 [INFO] IPUIPlugin:80 - create IPUIPlugin
2023-12-01 00:07:13,859 [INFO] IPUIPlugin:80 - create IPUIPlugin
2023-12-01 00:07:13,859 [INFO] IPUIPlugin:80 - create IPUIPlugin
2023-12-01 00:07:13,859 [INFO] IPUIPlugin:80 - create IPUIPlugin
2023-12-01 00:07:13,859 [INFO] IPUIPlugin:80 - create IPUIPlugin
2023-12-01 00:07:13,859 [INFO] IPUIPlugin:80 - create IPUIPlugin
2023-12-01 00:07:13,859 [INFO] IPUIPlugin:80 - create IPUIPlugin
2023-12-01 00:07:13,859 [INFO] IPUIPlugin:80 - create IPUIPlugin
2023-12-01 00:07:13,859 [INFO] IPUIPlugin:80 - create IPUIPlugin
2023-12-01 00:07:13,859 [INFO] IPUIPlugin:80 - create IPUIPlugin
2023-12-01 00:07:13,859 [INFO] IPUIPlugin:80 - create IPUIPlugin
2023-12-01 00:07:13,860 [INFO] IPUIPlugin:80 - create IPUIPlugin
2023-12-01 00:07:13,860 [INFO] IPUIPlugin:80 - create IPUIPlugin
2023-12-01 00:07:13,860 [INFO] IPUIPlugin:80 - create IPUIPlugin
2023-12-01 00:07:13,860 [INFO] IPUIPlugin:80 - create IPUIPlugin
2023-12-01 00:07:13,860 [INFO] IPUIPlugin:80 - create IPUIPlugin
2023-12-01 00:07:13,860 [INFO] IPUIPlugin:80 - create IPUIPlugin
2023-12-01 00:07:13,860 [INFO] IPUIPlugin:80 - create IPUIPlugin
2023-12-01 00:07:13,860 [INFO] IPUIPlugin:80 - create IPUIPlugin
2023-12-01 00:07:13,860 [INFO] IPUIPlugin:80 - create IPUIPlugin
2023-12-01 00:07:13,860 [INFO] IPUIPlugin:80 - create IPUIPlugin
2023-12-01 00:07:13,861 [INFO] Can:71 - Can Add PropertyChangeListener com.st.microxplorer.plugins.ip.can.Can@2e7ebade
2023-12-01 00:07:13,905 [INFO] CADModel:165 - CPN selected for project levelSTM32F103C8T6
2023-12-01 00:07:13,906 [INFO] CADModel:114 - Register for checkConnection events
2023-12-01 00:07:13,954 [INFO] OpenFileManager:328 - Restore cursor
2023-12-01 00:27:23,573 [INFO] MainUpdater:2868 - connection check result : 10
2023-12-01 00:27:23,574 [INFO] MainUpdater:2868 - connection check result : 10
2023-12-01 00:27:23,593 [INFO] MicroXplorer:468 - Change Database Path : 
2023-12-01 00:27:23,593 [INFO] MicroXplorer:498 - Change Database Version : DB.6.0.92
2023-12-01 00:27:23,607 [WARN] ThirdParty:871 - waiting for thirdparty lock release [close project]
2023-12-01 00:27:23,608 [INFO] ThirdParty:873 - entering critical section [close project]
2023-12-01 00:27:23,608 [INFO] ThirdParty:883 - exiting critical section [close project]
2023-12-01 00:27:23,609 [INFO] PinOutPanel:1499 - setPackage(No Configuration,No Configuration)
2023-12-01 00:27:23,611 [INFO] UtilMem:75 - Begin LoadConfig() Used Memory: 448380928 Bytes (846200832)
2023-12-01 00:27:23,612 [INFO] MicroXplorer:468 - Change Database Path : 
2023-12-01 00:27:23,612 [INFO] MicroXplorer:498 - Change Database Version : DB.6.0.92
2023-12-01 00:27:23,612 [INFO] OpenFileManager:308 - Change cursor
2023-12-01 00:27:23,629 [INFO] Mcu:1946 - Initializing MCU STM32F103C(8-B)Tx STM32F103C8Tx STM32F103C8T6
2023-12-01 00:27:24,055 [INFO] Context:659 - Trying to add GPIOservice into a context  which must be forbidden
2023-12-01 00:27:24,263 [INFO] RtosManager:555 - Registered RTOS mode: class=CMSIS, group=RTOS, mode=CMSIS_V1, owner=FREERTOS
2023-12-01 00:27:24,263 [INFO] RtosManager:555 - Registered RTOS mode: class=CMSIS, group=RTOS2, mode=CMSIS_V2, owner=FREERTOS
2023-12-01 00:27:24,263 [INFO] RtosManager:555 - Registered RTOS mode: class=RTOS, group=Core, mode=CMSIS_V1, owner=FREERTOS
2023-12-01 00:27:24,263 [INFO] RtosManager:555 - Registered RTOS mode: class=RTOS, group=Core, mode=CMSIS_V2, owner=FREERTOS
2023-12-01 00:27:24,263 [WARN] ModelIntegratedComponent:184 - Missing modes for component STMicroelectronics:FreeRTOS:0.0.1:STMicroelectronics:RTOS:FreeRTOS:Core:::10.2.0:
2023-12-01 00:27:24,269 [WARN] ModelIntegratedComponent:63 - No mode defined for component null
2023-12-01 00:27:24,269 [WARN] ModelIntegratedComponent:63 - No mode defined for component null
2023-12-01 00:27:24,269 [WARN] ModelIntegratedComponent:63 - No mode defined for component null
2023-12-01 00:27:24,269 [WARN] ModelIntegratedComponent:63 - No mode defined for component null
2023-12-01 00:27:24,269 [WARN] ModelIntegratedComponent:63 - No mode defined for component null
2023-12-01 00:27:24,269 [WARN] ModelIntegratedComponent:63 - No mode defined for component null
2023-12-01 00:27:24,269 [WARN] ModelIntegratedComponent:63 - No mode defined for component null
2023-12-01 00:27:24,270 [WARN] ModelIntegratedComponent:63 - No mode defined for component null
2023-12-01 00:27:24,270 [WARN] ModelIntegratedComponent:63 - No mode defined for component null
2023-12-01 00:27:24,270 [WARN] ModelIntegratedComponent:63 - No mode defined for component null
2023-12-01 00:27:24,270 [WARN] ModelIntegratedComponent:63 - No mode defined for component null
2023-12-01 00:27:24,270 [WARN] ModelIntegratedComponent:63 - No mode defined for component null
2023-12-01 00:27:24,270 [WARN] ModelIntegratedComponent:63 - No mode defined for component null
2023-12-01 00:27:24,270 [WARN] ModelIntegratedComponent:63 - No mode defined for component null
2023-12-01 00:27:24,270 [WARN] ModelIntegratedComponent:63 - No mode defined for component null
2023-12-01 00:27:24,270 [WARN] ModelIntegratedComponent:63 - No mode defined for component null
2023-12-01 00:27:24,270 [WARN] ModelIntegratedComponent:63 - No mode defined for component null
2023-12-01 00:27:24,270 [WARN] ModelIntegratedComponent:63 - No mode defined for component null
2023-12-01 00:27:24,270 [WARN] ModelIntegratedComponent:63 - No mode defined for component null
2023-12-01 00:27:24,270 [WARN] ModelIntegratedComponent:63 - No mode defined for component null
2023-12-01 00:27:24,270 [WARN] ModelIntegratedComponent:63 - No mode defined for component null
2023-12-01 00:27:24,270 [WARN] ModelIntegratedComponent:63 - No mode defined for component null
2023-12-01 00:27:24,270 [WARN] ModelIntegratedComponent:63 - No mode defined for component null
2023-12-01 00:27:24,270 [WARN] ModelIntegratedComponent:63 - No mode defined for component null
2023-12-01 00:27:24,270 [WARN] ModelIntegratedComponent:63 - No mode defined for component null
2023-12-01 00:27:24,270 [WARN] ModelIntegratedComponent:63 - No mode defined for component null
2023-12-01 00:27:24,270 [WARN] ModelIntegratedComponent:63 - No mode defined for component null
2023-12-01 00:27:24,270 [WARN] ModelIntegratedComponent:63 - No mode defined for component null
2023-12-01 00:27:24,270 [WARN] ModelIntegratedComponent:63 - No mode defined for component null
2023-12-01 00:27:24,270 [WARN] ModelIntegratedComponent:63 - No mode defined for component null
2023-12-01 00:27:24,270 [WARN] ModelIntegratedComponent:63 - No mode defined for component null
2023-12-01 00:27:24,270 [WARN] ModelIntegratedComponent:63 - No mode defined for component null
2023-12-01 00:27:24,270 [WARN] ModelIntegratedComponent:63 - No mode defined for component null
2023-12-01 00:27:24,342 [INFO] ThirdPartyModel:298 - Start build external matchings
2023-12-01 00:27:24,660 [INFO] ThirdPartyModel:316 - End build external matchings
2023-12-01 00:27:24,740 [INFO] UtilMem:75 - End LoadConfig() Used Memory: 471852016 Bytes (846200832)
2023-12-01 00:27:24,743 [WARN] ThirdParty:833 - waiting for thirdparty lock release [change project]
2023-12-01 00:27:24,744 [INFO] ThirdParty:835 - entering critical section [change project]
2023-12-01 00:27:24,744 [INFO] ThirdParty:1030 - CMSIS Pack Vendor :STMicroelectronics X-CUBE-ISPU 1.1.0
2023-12-01 00:27:24,744 [INFO] ThirdParty:1030 - CMSIS Pack Vendor :STMicroelectronics USBPD 4.1
2023-12-01 00:27:24,744 [INFO] ThirdParty:1030 - CMSIS Pack Vendor :STMicroelectronics X-CUBE-GNSS1 6.0.0
2023-12-01 00:27:24,744 [INFO] ThirdParty:1030 - CMSIS Pack Vendor :STMicroelectronics USB_HOST 2.0.0
2023-12-01 00:27:24,744 [INFO] ThirdParty:1030 - CMSIS Pack Vendor :STMicroelectronics X-CUBE-AZRTOS-F4 1.1.0
2023-12-01 00:27:24,744 [INFO] ThirdParty:1030 - CMSIS Pack Vendor :STMicroelectronics LIBJPEG 8.0.0
2023-12-01 00:27:24,744 [INFO] ThirdParty:1030 - CMSIS Pack Vendor :wolfSSL I-CUBE-wolfSSL 5.6.3
2023-12-01 00:27:24,744 [INFO] ThirdParty:1030 - CMSIS Pack Vendor :STMicroelectronics X-CUBE-SMBUS 2.1.0
2023-12-01 00:27:24,744 [INFO] ThirdParty:1030 - CMSIS Pack Vendor :STMicroelectronics USB_DEVICE 3.0.0
2023-12-01 00:27:24,744 [INFO] ThirdParty:1030 - CMSIS Pack Vendor :STMicroelectronics X-CUBE-AZRTOS-WB 2.0.0
2023-12-01 00:27:24,744 [INFO] ThirdParty:1030 - CMSIS Pack Vendor :STMicroelectronics X-CUBE-AZRTOS-F7 1.1.0
2023-12-01 00:27:24,744 [INFO] ThirdParty:1030 - CMSIS Pack Vendor :STMicroelectronics X-CUBE-AZRTOS-L5 2.0.0
2023-12-01 00:27:24,744 [INFO] ThirdParty:1030 - CMSIS Pack Vendor :STMicroelectronics USB_DEVICE 2.0.0
2023-12-01 00:27:24,744 [INFO] ThirdParty:1030 - CMSIS Pack Vendor :STMicroelectronics X-CUBE-EEPRMA1 4.2.0
2023-12-01 00:27:24,744 [INFO] ThirdParty:1030 - CMSIS Pack Vendor :ITTIA_DB I-CUBE-ITTIADB 8.8.0
2023-12-01 00:27:24,744 [INFO] ThirdParty:1030 - CMSIS Pack Vendor :STMicroelectronics FP-SNS-MOTENV1 4.3.2
2023-12-01 00:27:24,744 [INFO] ThirdParty:1030 - CMSIS Pack Vendor :STMicroelectronics X-CUBE-ALGOBUILD 1.3.0
2023-12-01 00:27:24,744 [INFO] ThirdParty:1030 - CMSIS Pack Vendor :STMicroelectronics FreeRTOS 0.0.1
2023-12-01 00:27:24,744 [INFO] ThirdParty:1030 - CMSIS Pack Vendor :STMicroelectronics X-CUBE-AZRTOS-G0 1.1.0
2023-12-01 00:27:24,744 [INFO] ThirdParty:1030 - CMSIS Pack Vendor :STMicroelectronics X-CUBE-BLEMGR 2.0.0
2023-12-01 00:27:24,744 [INFO] ThirdParty:1030 - CMSIS Pack Vendor :STMicroelectronics X-CUBE-NFC4 3.0.0
2023-12-01 00:27:24,744 [INFO] ThirdParty:1030 - CMSIS Pack Vendor :STMicroelectronics X-CUBE-SUBG2 5.0.0
2023-12-01 00:27:24,744 [INFO] ThirdParty:1030 - CMSIS Pack Vendor :STMicroelectronics STM32_WPAN 1.0.0
2023-12-01 00:27:24,744 [INFO] ThirdParty:1030 - CMSIS Pack Vendor :STMicroelectronics lwIP 2.0.3
2023-12-01 00:27:24,744 [INFO] ThirdParty:1030 - CMSIS Pack Vendor :STMicroelectronics FP-SNS-FLIGHT1 5.0.2
2023-12-01 00:27:24,744 [INFO] ThirdParty:1030 - CMSIS Pack Vendor :STMicroelectronics USB_HOST 1.0.0
2023-12-01 00:27:24,744 [INFO] ThirdParty:1030 - CMSIS Pack Vendor :STMicroelectronics X-CUBE-TOF1 3.3.1
2023-12-01 00:27:24,744 [INFO] ThirdParty:1030 - CMSIS Pack Vendor :STMicroelectronics X-CUBE-AZRTOS-G4 2.0.0
2023-12-01 00:27:24,744 [INFO] ThirdParty:1030 - CMSIS Pack Vendor :STMicroelectronics PDM2PCM 3.1.0
2023-12-01 00:27:24,744 [INFO] ThirdParty:1030 - CMSIS Pack Vendor :STMicroelectronics X-CUBE-AZRTOS-H7 3.1.0
2023-12-01 00:27:24,744 [INFO] ThirdParty:1030 - CMSIS Pack Vendor :Infineon AIROC-Wi-Fi-Bluetooth-STM32 1.5.1
2023-12-01 00:27:24,744 [INFO] ThirdParty:1030 - CMSIS Pack Vendor :STMicroelectronics X-CUBE-BLEMGR 3.0.0
2023-12-01 00:27:24,744 [INFO] ThirdParty:1030 - CMSIS Pack Vendor :STMicroelectronics PDM2PCM 3.3.0
2023-12-01 00:27:24,744 [INFO] ThirdParty:1030 - CMSIS Pack Vendor :STMicroelectronics X-CUBE-DISPLAY 3.0.0
2023-12-01 00:27:24,744 [INFO] ThirdParty:1030 - CMSIS Pack Vendor :STMicroelectronics FP-SNS-MOTENVWB1 1.3.0
2023-12-01 00:27:24,744 [INFO] ThirdParty:1030 - CMSIS Pack Vendor :STMicroelectronics X-CUBE-BLE1 7.0.0
2023-12-01 00:27:24,744 [INFO] ThirdParty:1030 - CMSIS Pack Vendor :STMicroelectronics FP-ATR-SIGFOX1 3.2.0
2023-12-01 00:27:24,744 [INFO] ThirdParty:1030 - CMSIS Pack Vendor :STMicroelectronics HAL Drivers 0.0.0
2023-12-01 00:27:24,744 [INFO] ThirdParty:1030 - CMSIS Pack Vendor :STMicroelectronics MBEDTLS 2.16.2
2023-12-01 00:27:24,744 [INFO] ThirdParty:1030 - CMSIS Pack Vendor :emotas I-CUBE-CANOPEN 1.3.0
2023-12-01 00:27:24,744 [INFO] ThirdParty:1030 - CMSIS Pack Vendor :STMicroelectronics X-CUBE-MEMS1 10.0.0
2023-12-01 00:27:24,744 [INFO] ThirdParty:1030 - CMSIS Pack Vendor :STMicroelectronics X-CUBE-FREERTOS 1.1.0
2023-12-01 00:27:24,744 [INFO] ThirdParty:1030 - CMSIS Pack Vendor :STMicroelectronics X-CUBE-NFC7 1.0.1
2023-12-01 00:27:24,744 [INFO] ThirdParty:1030 - CMSIS Pack Vendor :STMicroelectronics MBEDTLS 2.14.1
2023-12-01 00:27:24,744 [INFO] ThirdParty:1030 - CMSIS Pack Vendor :STMicroelectronics X-CUBE-TOUCHGFX 4.22.1
2023-12-01 00:27:24,744 [INFO] ThirdParty:1030 - CMSIS Pack Vendor :STMicroelectronics X-CUBE-NFC6 3.0.0
2023-12-01 00:27:24,744 [INFO] ThirdParty:1030 - CMSIS Pack Vendor :STMicroelectronics X-CUBE-EEPRMA1 4.1.0
2023-12-01 00:27:24,744 [INFO] ThirdParty:1030 - CMSIS Pack Vendor :portGmbH I-Cube-SoM-uGOAL 1.1.0
2023-12-01 00:27:24,744 [INFO] ThirdParty:1030 - CMSIS Pack Vendor :STMicroelectronics X-CUBE-ALS 1.0.1
2023-12-01 00:27:24,744 [INFO] ThirdParty:1030 - CMSIS Pack Vendor :STMicroelectronics ThreadX 1.0.0
2023-12-01 00:27:24,745 [INFO] ThirdParty:1030 - CMSIS Pack Vendor :STMicroelectronics FP-SNS-SMARTAG2 1.2.0
2023-12-01 00:27:24,745 [INFO] ThirdParty:1030 - CMSIS Pack Vendor :STMicroelectronics X-CUBE-AZRTOS-WL 2.0.0
2023-12-01 00:27:24,745 [INFO] ThirdParty:1030 - CMSIS Pack Vendor :STMicroelectronics USB_DEVICE 1.0.0
2023-12-01 00:27:24,745 [INFO] ThirdParty:1030 - CMSIS Pack Vendor :STMicroelectronics X-CUBE-AI 8.1.0
2023-12-01 00:27:24,745 [INFO] ThirdParty:1030 - CMSIS Pack Vendor :STMicroelectronics X-CUBE-AZRTOS-L4 2.0.0
2023-12-01 00:27:24,745 [INFO] ThirdParty:1030 - CMSIS Pack Vendor :STMicroelectronics ThreadX 0.0.2
2023-12-01 00:27:24,745 [INFO] ThirdParty:1030 - CMSIS Pack Vendor :WES I-CUBE-Cesium 1.3.0
2023-12-01 00:27:24,745 [INFO] ThirdParty:1030 - CMSIS Pack Vendor :STMicroelectronics FP-ATR-ASTRA1 2.0.0
2023-12-01 00:27:24,745 [INFO] ThirdParty:1030 - CMSIS Pack Vendor :STMicroelectronics lwIP 2.1.2
2023-12-01 00:27:24,745 [INFO] ThirdParty:1030 - CMSIS Pack Vendor :STMicroelectronics X-CUBE-SFXS2LP1 4.0.0
2023-12-01 00:27:24,745 [INFO] ThirdParty:1030 - CMSIS Pack Vendor :STMicroelectronics X-CUBE-BLE2 3.3.0
2023-12-01 00:27:24,745 [INFO] ThirdParty:1030 - CMSIS Pack Vendor :STMicroelectronics X-CUBE-TOF1 3.4.0
2023-12-01 00:27:24,745 [INFO] ThirdParty:1030 - CMSIS Pack Vendor :STMicroelectronics PDM2PCM 3.2.0
2023-12-01 00:27:24,745 [INFO] ThirdParty:841 - exiting critical section [change project]
2023-12-01 00:27:24,845 [INFO] PinOutPanel:1499 - setPackage(No Configuration,No Configuration)
2023-12-01 00:27:24,846 [INFO] PinOutPanel:1499 - setPackage(STM32F103C8Tx,LQFP48)
2023-12-01 00:27:24,963 [INFO] UtilMem:75 - Before build in PCC Used Memory: 272695232 Bytes (846200832)
2023-12-01 00:27:25,112 [INFO] UtilMem:75 - After build in PCC Used Memory: 317784000 Bytes (846200832)
2023-12-01 00:27:25,127 [INFO] IPUIPlugin:80 - create IPUIPlugin
2023-12-01 00:27:25,127 [INFO] IPUIPlugin:80 - create IPUIPlugin
2023-12-01 00:27:25,127 [INFO] IPUIPlugin:80 - create IPUIPlugin
2023-12-01 00:27:25,127 [INFO] IPUIPlugin:80 - create IPUIPlugin
2023-12-01 00:27:25,127 [INFO] IPUIPlugin:80 - create IPUIPlugin
2023-12-01 00:27:25,128 [INFO] IPUIPlugin:80 - create IPUIPlugin
2023-12-01 00:27:25,128 [INFO] IPUIPlugin:80 - create IPUIPlugin
2023-12-01 00:27:25,128 [INFO] IPUIPlugin:80 - create IPUIPlugin
2023-12-01 00:27:25,128 [INFO] IPUIPlugin:80 - create IPUIPlugin
2023-12-01 00:27:25,128 [INFO] IPUIPlugin:80 - create IPUIPlugin
2023-12-01 00:27:25,128 [INFO] IPUIPlugin:80 - create IPUIPlugin
2023-12-01 00:27:25,128 [INFO] IPUIPlugin:80 - create IPUIPlugin
2023-12-01 00:27:25,128 [INFO] IPUIPlugin:80 - create IPUIPlugin
2023-12-01 00:27:25,128 [INFO] IPUIPlugin:80 - create IPUIPlugin
2023-12-01 00:27:25,128 [INFO] IPUIPlugin:80 - create IPUIPlugin
2023-12-01 00:27:25,129 [INFO] IPUIPlugin:80 - create IPUIPlugin
2023-12-01 00:27:25,129 [INFO] IPUIPlugin:80 - create IPUIPlugin
2023-12-01 00:27:25,129 [INFO] IPUIPlugin:80 - create IPUIPlugin
2023-12-01 00:27:25,129 [INFO] IPUIPlugin:80 - create IPUIPlugin
2023-12-01 00:27:25,129 [INFO] IPUIPlugin:80 - create IPUIPlugin
2023-12-01 00:27:25,129 [INFO] IPUIPlugin:80 - create IPUIPlugin
2023-12-01 00:27:25,129 [INFO] IPUIPlugin:80 - create IPUIPlugin
2023-12-01 00:27:25,129 [INFO] IPUIPlugin:80 - create IPUIPlugin
2023-12-01 00:27:25,130 [INFO] IPUIPlugin:80 - create IPUIPlugin
2023-12-01 00:27:25,130 [INFO] IPUIPlugin:80 - create IPUIPlugin
2023-12-01 00:27:25,130 [INFO] IPUIPlugin:80 - create IPUIPlugin
2023-12-01 00:27:25,130 [INFO] IPUIPlugin:80 - create IPUIPlugin
2023-12-01 00:27:25,131 [INFO] Can:71 - Can Add PropertyChangeListener com.st.microxplorer.plugins.ip.can.Can@5909ecb0
2023-12-01 00:27:25,158 [INFO] CADModel:165 - CPN selected for project levelSTM32F103C8T6
2023-12-01 00:27:25,158 [INFO] CADModel:114 - Register for checkConnection events
2023-12-01 00:27:25,194 [INFO] OpenFileManager:328 - Restore cursor
